Arguments: 
  /usr/local/bin/node /usr/local/bin/yarn add exporess mongoose

PATH: 
  /usr/local/opt/openjdk/bin:/Users/rookasrudzianskas/opt/anaconda3/bin:/Users/rookasrudzianskas/opt/anaconda3/condabin:/Library/Frameworks/Python.framework/Versions/3.9/bin:/usr/local/bin:/usr/bin:/bin:/usr/sbin:/sbin:/Library/Apple/usr/bin:/Users/rookasrudzianskas/Documents/React/REACT_TIKTOK_MERN/tiktok-mern-app-backend/node_modules/.bin

Yarn version: 
  1.22.10

Node version: 
  14.15.0

Platform: 
  darwin x64

Trace: 
  Error: https://registry.yarnpkg.com/exporess: Not found
      at Request.params.callback [as _callback] (/usr/local/lib/node_modules/yarn/lib/cli.js:66988:18)
      at Request.self.callback (/usr/local/lib/node_modules/yarn/lib/cli.js:140662:22)
      at Request.emit (events.js:315:20)
      at Request.<anonymous> (/usr/local/lib/node_modules/yarn/lib/cli.js:141634:10)
      at Request.emit (events.js:315:20)
      at IncomingMessage.<anonymous> (/usr/local/lib/node_modules/yarn/lib/cli.js:141556:12)
      at Object.onceWrapper (events.js:421:28)
      at IncomingMessage.emit (events.js:327:22)
      at endReadableNT (_stream_readable.js:1327:12)
      at processTicksAndRejections (internal/process/task_queues.js:80:21)

npm manifest: 
  {
    "name": "tiktok-mern-app-backend",
    "version": "1.0.0",
    "description": "This is backend tiktok",
    "main": "server.js",
    "scripts": {
      "test": "echo \"Error: no test specified\" && exit 1",
      "start": "node server.js"
    },
    "repository": {
      "type": "git",
      "url": "git+https://github.com/rookasrudzianskas/TikTok-MERN-BackEnd.git"
    },
    "author": "",
    "license": "ISC",
    "bugs": {
      "url": "https://github.com/rookasrudzianskas/TikTok-MERN-BackEnd/issues"
    },
    "homepage": "https://github.com/rookasrudzianskas/TikTok-MERN-BackEnd#readme"
  }

yarn manifest: 
  No manifest

Lockfile: 
  No lockfile
